[2019-04-17 16:49:35.316] [sharedprocess] [info] main {"machineId":"1e7b63dd632c55bc593ea6a3b58caf78b0cb26694e4bbe016908ab76302d1ac8"}
[2019-04-17 16:49:35.378] [sharedprocess] [info] Scanned user extensions: 0
[2019-04-17 16:49:35.404] [sharedprocess] [info] Scanned user extensions: 0
[2019-04-17 16:49:35.412] [sharedprocess] [info] Scanned user extensions: 0
[2019-04-17 16:49:35.415] [sharedprocess] [info] Scanned user extensions: 0
[2019-04-17 16:49:35.507] [sharedprocess] [info] Scanned system extensions: 72
[2019-04-17 16:49:35.514] [sharedprocess] [info] Scanned system extensions: 72
[2019-04-17 16:49:35.520] [sharedprocess] [info] Scanned system extensions: 72
[2019-04-17 16:49:35.525] [sharedprocess] [info] Scanned system extensions: 72
[2019-04-17 16:49:36.520] [sharedprocess] [info] Scanned user extensions: 0
[2019-04-17 16:50:15.325] [sharedprocess] [info] Starting to clean up unused language packs.
[2019-04-17 16:50:18.979] [sharedprocess] [info] Scanned user extensions: 0
[2019-04-17 16:50:18.982] [sharedprocess] [info] Scanned user extensions: 0
[2019-04-17 16:50:19.149] [sharedprocess] [info] Scanned system extensions: 72
[2019-04-17 16:50:19.159] [sharedprocess] [info] Scanned system extensions: 72
[2019-04-17 16:50:21.072] [sharedprocess] [info] Scanned user extensions: 0
[2019-04-17 16:50:27.806] [sharedprocess] [info] Scanned user extensions: 0
[2019-04-17 16:50:27.854] [sharedprocess] [info] Scanned system extensions: 72
[2019-04-17 16:50:33.052] [sharedprocess] [info] Scanned user extensions: 0
[2019-04-17 16:50:33.058] [sharedprocess] [info] Scanned user extensions: 0
[2019-04-17 16:50:33.059] [sharedprocess] [info] Scanned user extensions: 0
[2019-04-17 16:50:33.067] [sharedprocess] [info] Scanned user extensions: 0
[2019-04-17 16:50:33.083] [sharedprocess] [info] Scanned user extensions: 0
[2019-04-17 16:50:33.175] [sharedprocess] [info] Scanned system extensions: 72
[2019-04-17 16:50:33.180] [sharedprocess] [info] Scanned system extensions: 72
[2019-04-17 16:50:33.185] [sharedprocess] [info] Scanned system extensions: 72
[2019-04-17 16:50:33.200] [sharedprocess] [info] Scanned system extensions: 72
[2019-04-17 16:50:33.372] [sharedprocess] [info] Installing extension: ms-python.python
[2019-04-17 16:50:33.378] [sharedprocess] [info] Scanned user extensions: 0
[2019-04-17 16:50:33.568] [sharedprocess] [info] Scanned user extensions: 0
[2019-04-17 16:50:33.570] [sharedprocess] [info] Scanned user extensions: 0
[2019-04-17 16:50:33.628] [sharedprocess] [info] Scanned system extensions: 72
[2019-04-17 16:50:33.632] [sharedprocess] [info] Scanned system extensions: 72
[2019-04-17 16:50:35.848] [sharedprocess] [info] Downloaded extension: ms-python.python /tmp/de3b3a16-6151-4f67-8f65-64f9d297e241
[2019-04-17 16:50:37.113] [sharedprocess] [info] Extracted extension to /root/.vscode/extensions/.ms-python.python-2019.3.6558: ms-python.python
[2019-04-17 16:50:37.113] [sharedprocess] [info] Renamed to /root/.vscode/extensions/ms-python.python-2019.3.6558
[2019-04-17 16:50:37.123] [sharedprocess] [info] Installation completed. ms-python.python
[2019-04-17 16:50:37.211] [sharedprocess] [info] Extensions installed successfully: ms-python.python
[2019-04-17 16:55:21.089] [sharedprocess] [info] Scanned user extensions: 1
[2019-04-17 17:00:21.115] [sharedprocess] [info] Scanned user extensions: 1
[2019-04-17 17:05:21.133] [sharedprocess] [info] Scanned user extensions: 1
